{"uid":"8e25bff73dcf1358","name":"Runs Cucumber Scenarios","fullName":"io.cucumber.testng.AbstractTestNGCucumberTests.runScenario","historyId":"6c0382a747d91239415c90fe5f212653","time":{"start":1711559036762,"stop":1711559038335,"duration":1573},"status":"failed","statusMessage":"expected [doggie] but found [Sparky]","statusTrace":"java.lang.AssertionError: expected [doggie] but found [Sparky]\r\n\tat org.testng.Assert.fail(Assert.java:110)\r\n\tat org.testng.Assert.failNotEquals(Assert.java:1577)\r\n\tat org.testng.Assert.assertEqualsImpl(Assert.java:149)\r\n\tat org.testng.Assert.assertEquals(Assert.java:131)\r\n\tat org.testng.Assert.assertEquals(Assert.java:655)\r\n\tat org.testng.Assert.assertEquals(Assert.java:665)\r\n\tat com.petstore.qa.Controller.PetServiceController.validatePetName(PetServiceController.java:33)\r\n\tat com.petstore.qa.StepDefinitions.GetPetByPetIdStepDefs.nameFieldInResponseShouldBe(GetPetByPetIdStepDefs.java:35)\r\n\tat ✽.name field in response should be \"doggie\"(file:///G:/RestAssuredFrameWork/PetStoreApIAutomation/Features/Pets/GetPetByPetId.feature:10)\r\n","flaky":false,"newFailed":false,"newBroken":false,"newPassed":false,"retriesCount":15,"retriesStatusChange":true,"beforeStages":[{"name":"setUpClass","time":{"start":1711559026981,"stop":1711559028104,"duration":1123},"description":"","status":"passed","steps":[],"attachments":[],"parameters":[],"attachmentsCount":0,"shouldDisplayMessage":false,"stepsCount":0,"hasContent":false,"attachmentStep":false}],"testStage":{"status":"failed","statusMessage":"expected [doggie] but found [Sparky]","statusTrace":"java.lang.AssertionError: expected [doggie] but found [Sparky]\r\n\tat org.testng.Assert.fail(Assert.java:110)\r\n\tat org.testng.Assert.failNotEquals(Assert.java:1577)\r\n\tat org.testng.Assert.assertEqualsImpl(Assert.java:149)\r\n\tat org.testng.Assert.assertEquals(Assert.java:131)\r\n\tat org.testng.Assert.assertEquals(Assert.java:655)\r\n\tat org.testng.Assert.assertEquals(Assert.java:665)\r\n\tat com.petstore.qa.Controller.PetServiceController.validatePetName(PetServiceController.java:33)\r\n\tat com.petstore.qa.StepDefinitions.GetPetByPetIdStepDefs.nameFieldInResponseShouldBe(GetPetByPetIdStepDefs.java:35)\r\n\tat ✽.name field in response should be \"doggie\"(file:///G:/RestAssuredFrameWork/PetStoreApIAutomation/Features/Pets/GetPetByPetId.feature:10)\r\n","steps":[{"name":"Pet Service","time":{"start":1711559036775,"stop":1711559036775,"duration":0},"status":"passed","steps":[],"attachments":[],"parameters":[],"attachmentsCount":0,"shouldDisplayMessage":false,"stepsCount":0,"hasContent":false,"attachmentStep":false},{"name":"We hit getPetByPetId endpoint with valid id 1","time":{"start":1711559036777,"stop":1711559038261,"duration":1484},"status":"passed","steps":[],"attachments":[],"parameters":[{"name":"id","value":"1"}],"attachmentsCount":0,"shouldDisplayMessage":false,"stepsCount":0,"hasContent":true,"attachmentStep":false},{"name":"We get statuscode 200","time":{"start":1711559038262,"stop":1711559038263,"duration":1},"status":"passed","steps":[],"attachments":[],"parameters":[{"name":"statusCode","value":"200"}],"attachmentsCount":0,"shouldDisplayMessage":false,"stepsCount":0,"hasContent":true,"attachmentStep":false},{"name":"name field in response should be doggie","time":{"start":1711559038264,"stop":1711559038324,"duration":60},"status":"failed","statusMessage":"expected [doggie] but found [Sparky]","statusTrace":"java.lang.AssertionError: expected [doggie] but found [Sparky]\r\n\tat org.testng.Assert.fail(Assert.java:110)\r\n\tat org.testng.Assert.failNotEquals(Assert.java:1577)\r\n\tat org.testng.Assert.assertEqualsImpl(Assert.java:149)\r\n\tat org.testng.Assert.assertEquals(Assert.java:131)\r\n\tat org.testng.Assert.assertEquals(Assert.java:655)\r\n\tat org.testng.Assert.assertEquals(Assert.java:665)\r\n\tat com.petstore.qa.Controller.PetServiceController.validatePetName(PetServiceController.java:33)\r\n\tat com.petstore.qa.StepDefinitions.GetPetByPetIdStepDefs.nameFieldInResponseShouldBe(GetPetByPetIdStepDefs.java:35)\r\n\tat java.base/jdk.internal.reflect.DirectMethodHandleAccessor.invoke(DirectMethodHandleAccessor.java:104)\r\n\tat java.base/java.lang.reflect.Method.invoke(Method.java:577)\r\n\tat io.cucumber.java.Invoker.doInvoke(Invoker.java:66)\r\n\tat io.cucumber.java.Invoker.invoke(Invoker.java:24)\r\n\tat io.cucumber.java.AbstractGlueDefinition.invokeMethod(AbstractGlueDefinition.java:47)\r\n\tat io.cucumber.java.JavaStepDefinition.execute(JavaStepDefinition.java:29)\r\n\tat io.cucumber.core.runner.CoreStepDefinition.execute(CoreStepDefinition.java:66)\r\n\tat io.cucumber.core.runner.PickleStepDefinitionMatch.runStep(PickleStepDefinitionMatch.java:63)\r\n\tat io.cucumber.core.runner.ExecutionMode$1.execute(ExecutionMode.java:10)\r\n\tat io.cucumber.core.runner.TestStep.executeStep(TestStep.java:86)\r\n\tat io.cucumber.core.runner.TestStep.run(TestStep.java:57)\r\n\tat io.cucumber.core.runner.PickleStepTestStep.run(PickleStepTestStep.java:51)\r\n\tat io.cucumber.core.runner.TestCase.run(TestCase.java:95)\r\n\tat io.cucumber.core.runner.Runner.runPickle(Runner.java:75)\r\n\tat io.cucumber.testng.TestNGCucumberRunner.lambda$runScenario$1(TestNGCucumberRunner.java:132)\r\n\tat io.cucumber.core.runtime.CucumberExecutionContext.lambda$runTestCase$3(CucumberExecutionContext.java:110)\r\n\tat io.cucumber.core.runtime.RethrowingThrowableCollector.executeAndThrow(RethrowingThrowableCollector.java:23)\r\n\tat io.cucumber.core.runtime.CucumberExecutionContext.runTestCase(CucumberExecutionContext.java:110)\r\n\tat io.cucumber.testng.TestNGCucumberRunner.runScenario(TestNGCucumberRunner.java:129)\r\n\tat io.cucumber.testng.AbstractTestNGCucumberTests.runScenario(AbstractTestNGCucumberTests.java:35)\r\n\tat java.base/jdk.internal.reflect.DirectMethodHandleAccessor.invoke(DirectMethodHandleAccessor.java:104)\r\n\tat java.base/java.lang.reflect.Method.invoke(Method.java:577)\r\n\tat org.testng.internal.invokers.MethodInvocationHelper.invokeMethod(MethodInvocationHelper.java:139)\r\n\tat org.testng.internal.invokers.TestInvoker.invokeMethod(TestInvoker.java:677)\r\n\tat org.testng.internal.invokers.TestInvoker.invokeTestMethod(TestInvoker.java:221)\r\n\tat org.testng.internal.invokers.MethodRunner.runInSequence(MethodRunner.java:50)\r\n\tat org.testng.internal.invokers.TestInvoker$MethodInvocationAgent.invoke(TestInvoker.java:969)\r\n\tat org.testng.internal.invokers.TestInvoker.invokeTestMethods(TestInvoker.java:194)\r\n\tat org.testng.internal.invokers.TestMethodWorker.invokeTestMethods(TestMethodWorker.java:148)\r\n\tat org.testng.internal.invokers.TestMethodWorker.run(TestMethodWorker.java:128)\r\n\tat java.base/java.util.ArrayList.forEach(ArrayList.java:1511)\r\n\tat org.testng.TestRunner.privateRun(TestRunner.java:829)\r\n\tat org.testng.TestRunner.run(TestRunner.java:602)\r\n\tat org.testng.SuiteRunner.runTest(SuiteRunner.java:437)\r\n\tat org.testng.SuiteRunner.runSequentially(SuiteRunner.java:431)\r\n\tat org.testng.SuiteRunner.privateRun(SuiteRunner.java:391)\r\n\tat org.testng.SuiteRunner.run(SuiteRunner.java:330)\r\n\tat org.testng.SuiteRunnerWorker.runSuite(SuiteRunnerWorker.java:52)\r\n\tat org.testng.SuiteRunnerWorker.run(SuiteRunnerWorker.java:95)\r\n\tat org.testng.TestNG.runSuitesSequentially(TestNG.java:1256)\r\n\tat org.testng.TestNG.runSuitesLocally(TestNG.java:1176)\r\n\tat org.testng.TestNG.runSuites(TestNG.java:1099)\r\n\tat org.testng.TestNG.run(TestNG.java:1067)\r\n\tat org.apache.maven.surefire.testng.TestNGExecutor.run(TestNGExecutor.java:284)\r\n\tat org.apache.maven.surefire.testng.TestNGXmlTestSuite.execute(TestNGXmlTestSuite.java:75)\r\n\tat org.apache.maven.surefire.testng.TestNGProvider.invoke(TestNGProvider.java:119)\r\n\tat org.apache.maven.surefire.booter.ForkedBooter.runSuitesInProcess(ForkedBooter.java:428)\r\n\tat org.apache.maven.surefire.booter.ForkedBooter.execute(ForkedBooter.java:162)\r\n\tat org.apache.maven.surefire.booter.ForkedBooter.run(ForkedBooter.java:562)\r\n\tat org.apache.maven.surefire.booter.ForkedBooter.main(ForkedBooter.java:548)\r\n","steps":[],"attachments":[],"parameters":[{"name":"value","value":"doggie"}],"attachmentsCount":0,"shouldDisplayMessage":true,"stepsCount":0,"hasContent":true,"attachmentStep":false}],"attachments":[],"parameters":[],"attachmentsCount":0,"shouldDisplayMessage":false,"stepsCount":4,"hasContent":true,"attachmentStep":false},"afterStages":[{"name":"tearDownClass","time":{"start":1711559038354,"stop":1711559038365,"duration":11},"description":"","status":"passed","steps":[],"attachments":[],"parameters":[],"attachmentsCount":0,"shouldDisplayMessage":false,"stepsCount":0,"hasContent":false,"attachmentStep":false}],"labels":[{"name":"package","value":"com.petstore.qa.TestRunner.myRunner"},{"name":"testClass","value":"com.petstore.qa.TestRunner.myRunner"},{"name":"testMethod","value":"runScenario"},{"name":"parentSuite","value":"Regression Test Suite"},{"name":"suite","value":"G:/RestAssuredFrameWork/PetStoreApIAutomation"},{"name":"subSuite","value":"com.petstore.qa.TestRunner.myRunner"},{"name":"host","value":"DESKTOP-6FCB6I9"},{"name":"thread","value":"13228@DESKTOP-6FCB6I9.main(1)"},{"name":"framework","value":"testng"},{"name":"language","value":"java"},{"name":"resultFormat","value":"allure2"}],"parameters":[{"name":"arg0","value":"\"Get Pet By Valid Pet Id\""},{"name":"arg1","value":"\"Optional[Get Pet By Pet Id]\""}],"links":[],"hidden":false,"retry":false,"extra":{"severity":"normal","retries":[{"uid":"f6acffd611776ded","status":"passed","time":{"start":1711558898561,"stop":1711558904234,"duration":5673}},{"uid":"269db9e074d806b6","status":"failed","statusDetails":"expected [200] but found [404]","time":{"start":1711558739871,"stop":1711558744031,"duration":4160}},{"uid":"1409622c254efb57","status":"failed","statusDetails":"expected [doggie] but found [dog]","time":{"start":1711558485975,"stop":1711558495049,"duration":9074}},{"uid":"90058354cea085e6","status":"passed","time":{"start":1711394906586,"stop":1711394916692,"duration":10106}},{"uid":"92e82a1d06cf6575","status":"passed","time":{"start":1711393803262,"stop":1711393812085,"duration":8823}},{"uid":"e2180c414db19197","status":"failed","statusDetails":"expected [doggie] but found [dog]","time":{"start":1711391590800,"stop":1711391601332,"duration":10532}},{"uid":"75a80b96d98add5c","status":"failed","statusDetails":"expected [doggie] but found [dog]","time":{"start":1709557248691,"stop":1709557257056,"duration":8365}},{"uid":"e90915bba73cfffc","status":"failed","statusDetails":"expected [200] but found [404]","time":{"start":1709549227782,"stop":1709549233610,"duration":5828}},{"uid":"3e51b6055347e795","status":"passed","time":{"start":1709284838136,"stop":1709284846120,"duration":7984}},{"uid":"b68adebf36b084c4","status":"failed","statusDetails":"expected [200] but found [404]","time":{"start":1709233586204,"stop":1709233591895,"duration":5691}},{"uid":"c0b4436b84b7df5f","status":"failed","statusDetails":"expected [200] but found [404]","time":{"start":1709233270866,"stop":1709233280343,"duration":9477}},{"uid":"a9084365db61cef8","status":"failed","statusDetails":"expected [200] but found [404]","time":{"start":1709233150947,"stop":1709233159882,"duration":8935}},{"uid":"38cfdd917d87e6dd","status":"passed","time":{"start":1709232554419,"stop":1709232562415,"duration":7996}},{"uid":"9d8ab17236e766bf","status":"passed","time":{"start":1709232248400,"stop":1709232257114,"duration":8714}},{"uid":"b38c07fbcb7fd602","status":"passed","time":{"start":1709229692816,"stop":1709229700521,"duration":7705}}],"categories":[{"name":"Product defects","matchedStatuses":[],"flaky":false}],"tags":[]},"source":"8e25bff73dcf1358.json","parameterValues":["\"Get Pet By Valid Pet Id\"","\"Optional[Get Pet By Pet Id]\""]}