{"uid":"9a4be377494926f8","name":"Runs Cucumber Scenarios","fullName":"io.cucumber.testng.AbstractTestNGCucumberTests.runScenario","historyId":"1734c41ae0a7048d0286c910d6c37b23","time":{"start":1709549227102,"stop":1709549227560,"duration":458},"status":"broken","statusMessage":"The step 'user hits add pet endpoint with valid requestbody having id \"0\"' and 2 other step(s) are undefined.\nYou can implement these steps using the snippet(s) below:\n\n@When(\"user hits add pet endpoint with valid requestbody having id {string}\")\npublic void user_hits_add_pet_endpoint_with_valid_requestbody_having_id(String string) {\n    // Write code here that turns the phrase above into concrete actions\n    throw new io.cucumber.java.PendingException();\n}\n@Then(\"user gets statusCode {int}\")\npublic void user_gets_status_code(Integer int1) {\n    // Write code here that turns the phrase above into concrete actions\n    throw new io.cucumber.java.PendingException();\n}\n@Then(\"status field in response should be {string}\")\npublic void status_field_in_response_should_be(String string) {\n    // Write code here that turns the phrase above into concrete actions\n    throw new io.cucumber.java.PendingException();\n}\n","statusTrace":"io.cucumber.testng.UndefinedStepException: The step 'user hits add pet endpoint with valid requestbody having id \"0\"' and 2 other step(s) are undefined.\nYou can implement these steps using the snippet(s) below:\n\n@When(\"user hits add pet endpoint with valid requestbody having id {string}\")\npublic void user_hits_add_pet_endpoint_with_valid_requestbody_having_id(String string) {\n    // Write code here that turns the phrase above into concrete actions\n    throw new io.cucumber.java.PendingException();\n}\n@Then(\"user gets statusCode {int}\")\npublic void user_gets_status_code(Integer int1) {\n    // Write code here that turns the phrase above into concrete actions\n    throw new io.cucumber.java.PendingException();\n}\n@Then(\"status field in response should be {string}\")\npublic void status_field_in_response_should_be(String string) {\n    // Write code here that turns the phrase above into concrete actions\n    throw new io.cucumber.java.PendingException();\n}\n\r\n\tat io.cucumber.core.runtime.TestCaseResultObserver.assertTestCasePassed(TestCaseResultObserver.java:69)\r\n\tat io.cucumber.testng.TestCaseResultObserver.assertTestCasePassed(TestCaseResultObserver.java:23)\r\n\tat io.cucumber.testng.TestNGCucumberRunner.lambda$runScenario$1(TestNGCucumberRunner.java:133)\r\n\tat io.cucumber.core.runtime.CucumberExecutionContext.lambda$runTestCase$3(CucumberExecutionContext.java:110)\r\n\tat io.cucumber.core.runtime.RethrowingThrowableCollector.executeAndThrow(RethrowingThrowableCollector.java:23)\r\n\tat io.cucumber.core.runtime.CucumberExecutionContext.runTestCase(CucumberExecutionContext.java:110)\r\n\tat io.cucumber.testng.TestNGCucumberRunner.runScenario(TestNGCucumberRunner.java:129)\r\n\tat io.cucumber.testng.AbstractTestNGCucumberTests.runScenario(AbstractTestNGCucumberTests.java:35)\r\n\tat java.base/jdk.internal.reflect.DirectMethodHandleAccessor.invoke(DirectMethodHandleAccessor.java:104)\r\n\tat java.base/java.lang.reflect.Method.invoke(Method.java:577)\r\n\tat org.testng.internal.invokers.MethodInvocationHelper.invokeMethod(MethodInvocationHelper.java:139)\r\n\tat org.testng.internal.invokers.TestInvoker.invokeMethod(TestInvoker.java:677)\r\n\tat org.testng.internal.invokers.TestInvoker.invokeTestMethod(TestInvoker.java:221)\r\n\tat org.testng.internal.invokers.MethodRunner.runInSequence(MethodRunner.java:50)\r\n\tat org.testng.internal.invokers.TestInvoker$MethodInvocationAgent.invoke(TestInvoker.java:969)\r\n\tat org.testng.internal.invokers.TestInvoker.invokeTestMethods(TestInvoker.java:194)\r\n\tat org.testng.internal.invokers.TestMethodWorker.invokeTestMethods(TestMethodWorker.java:148)\r\n\tat org.testng.internal.invokers.TestMethodWorker.run(TestMethodWorker.java:128)\r\n\tat java.base/java.util.ArrayList.forEach(ArrayList.java:1511)\r\n\tat org.testng.TestRunner.privateRun(TestRunner.java:829)\r\n\tat org.testng.TestRunner.run(TestRunner.java:602)\r\n\tat org.testng.SuiteRunner.runTest(SuiteRunner.java:437)\r\n\tat org.testng.SuiteRunner.runSequentially(SuiteRunner.java:431)\r\n\tat org.testng.SuiteRunner.privateRun(SuiteRunner.java:391)\r\n\tat org.testng.SuiteRunner.run(SuiteRunner.java:330)\r\n\tat org.testng.SuiteRunnerWorker.runSuite(SuiteRunnerWorker.java:52)\r\n\tat org.testng.SuiteRunnerWorker.run(SuiteRunnerWorker.java:95)\r\n\tat org.testng.TestNG.runSuitesSequentially(TestNG.java:1256)\r\n\tat org.testng.TestNG.runSuitesLocally(TestNG.java:1176)\r\n\tat org.testng.TestNG.runSuites(TestNG.java:1099)\r\n\tat org.testng.TestNG.run(TestNG.java:1067)\r\n\tat org.apache.maven.surefire.testng.TestNGExecutor.run(TestNGExecutor.java:284)\r\n\tat org.apache.maven.surefire.testng.TestNGXmlTestSuite.execute(TestNGXmlTestSuite.java:75)\r\n\tat org.apache.maven.surefire.testng.TestNGProvider.invoke(TestNGProvider.java:119)\r\n\tat org.apache.maven.surefire.booter.ForkedBooter.runSuitesInProcess(ForkedBooter.java:428)\r\n\tat org.apache.maven.surefire.booter.ForkedBooter.execute(ForkedBooter.java:162)\r\n\tat org.apache.maven.surefire.booter.ForkedBooter.run(ForkedBooter.java:562)\r\n\tat org.apache.maven.surefire.booter.ForkedBooter.main(ForkedBooter.java:548)\r\n","flaky":false,"newFailed":false,"newBroken":false,"newPassed":false,"retriesCount":0,"retriesStatusChange":false,"beforeStages":[{"name":"setUpClass","time":{"start":1709549225755,"stop":1709549226948,"duration":1193},"description":"","status":"passed","steps":[],"attachments":[],"parameters":[],"attachmentsCount":0,"shouldDisplayMessage":false,"stepsCount":0,"hasContent":false,"attachmentStep":false}],"testStage":{"status":"broken","statusMessage":"The step 'user hits add pet endpoint with valid requestbody having id \"0\"' and 2 other step(s) are undefined.\nYou can implement these steps using the snippet(s) below:\n\n@When(\"user hits add pet endpoint with valid requestbody having id {string}\")\npublic void user_hits_add_pet_endpoint_with_valid_requestbody_having_id(String string) {\n    // Write code here that turns the phrase above into concrete actions\n    throw new io.cucumber.java.PendingException();\n}\n@Then(\"user gets statusCode {int}\")\npublic void user_gets_status_code(Integer int1) {\n    // Write code here that turns the phrase above into concrete actions\n    throw new io.cucumber.java.PendingException();\n}\n@Then(\"status field in response should be {string}\")\npublic void status_field_in_response_should_be(String string) {\n    // Write code here that turns the phrase above into concrete actions\n    throw new io.cucumber.java.PendingException();\n}\n","statusTrace":"io.cucumber.testng.UndefinedStepException: The step 'user hits add pet endpoint with valid requestbody having id \"0\"' and 2 other step(s) are undefined.\nYou can implement these steps using the snippet(s) below:\n\n@When(\"user hits add pet endpoint with valid requestbody having id {string}\")\npublic void user_hits_add_pet_endpoint_with_valid_requestbody_having_id(String string) {\n    // Write code here that turns the phrase above into concrete actions\n    throw new io.cucumber.java.PendingException();\n}\n@Then(\"user gets statusCode {int}\")\npublic void user_gets_status_code(Integer int1) {\n    // Write code here that turns the phrase above into concrete actions\n    throw new io.cucumber.java.PendingException();\n}\n@Then(\"status field in response should be {string}\")\npublic void status_field_in_response_should_be(String string) {\n    // Write code here that turns the phrase above into concrete actions\n    throw new io.cucumber.java.PendingException();\n}\n\r\n\tat io.cucumber.core.runtime.TestCaseResultObserver.assertTestCasePassed(TestCaseResultObserver.java:69)\r\n\tat io.cucumber.testng.TestCaseResultObserver.assertTestCasePassed(TestCaseResultObserver.java:23)\r\n\tat io.cucumber.testng.TestNGCucumberRunner.lambda$runScenario$1(TestNGCucumberRunner.java:133)\r\n\tat io.cucumber.core.runtime.CucumberExecutionContext.lambda$runTestCase$3(CucumberExecutionContext.java:110)\r\n\tat io.cucumber.core.runtime.RethrowingThrowableCollector.executeAndThrow(RethrowingThrowableCollector.java:23)\r\n\tat io.cucumber.core.runtime.CucumberExecutionContext.runTestCase(CucumberExecutionContext.java:110)\r\n\tat io.cucumber.testng.TestNGCucumberRunner.runScenario(TestNGCucumberRunner.java:129)\r\n\tat io.cucumber.testng.AbstractTestNGCucumberTests.runScenario(AbstractTestNGCucumberTests.java:35)\r\n\tat java.base/jdk.internal.reflect.DirectMethodHandleAccessor.invoke(DirectMethodHandleAccessor.java:104)\r\n\tat java.base/java.lang.reflect.Method.invoke(Method.java:577)\r\n\tat org.testng.internal.invokers.MethodInvocationHelper.invokeMethod(MethodInvocationHelper.java:139)\r\n\tat org.testng.internal.invokers.TestInvoker.invokeMethod(TestInvoker.java:677)\r\n\tat org.testng.internal.invokers.TestInvoker.invokeTestMethod(TestInvoker.java:221)\r\n\tat org.testng.internal.invokers.MethodRunner.runInSequence(MethodRunner.java:50)\r\n\tat org.testng.internal.invokers.TestInvoker$MethodInvocationAgent.invoke(TestInvoker.java:969)\r\n\tat org.testng.internal.invokers.TestInvoker.invokeTestMethods(TestInvoker.java:194)\r\n\tat org.testng.internal.invokers.TestMethodWorker.invokeTestMethods(TestMethodWorker.java:148)\r\n\tat org.testng.internal.invokers.TestMethodWorker.run(TestMethodWorker.java:128)\r\n\tat java.base/java.util.ArrayList.forEach(ArrayList.java:1511)\r\n\tat org.testng.TestRunner.privateRun(TestRunner.java:829)\r\n\tat org.testng.TestRunner.run(TestRunner.java:602)\r\n\tat org.testng.SuiteRunner.runTest(SuiteRunner.java:437)\r\n\tat org.testng.SuiteRunner.runSequentially(SuiteRunner.java:431)\r\n\tat org.testng.SuiteRunner.privateRun(SuiteRunner.java:391)\r\n\tat org.testng.SuiteRunner.run(SuiteRunner.java:330)\r\n\tat org.testng.SuiteRunnerWorker.runSuite(SuiteRunnerWorker.java:52)\r\n\tat org.testng.SuiteRunnerWorker.run(SuiteRunnerWorker.java:95)\r\n\tat org.testng.TestNG.runSuitesSequentially(TestNG.java:1256)\r\n\tat org.testng.TestNG.runSuitesLocally(TestNG.java:1176)\r\n\tat org.testng.TestNG.runSuites(TestNG.java:1099)\r\n\tat org.testng.TestNG.run(TestNG.java:1067)\r\n\tat org.apache.maven.surefire.testng.TestNGExecutor.run(TestNGExecutor.java:284)\r\n\tat org.apache.maven.surefire.testng.TestNGXmlTestSuite.execute(TestNGXmlTestSuite.java:75)\r\n\tat org.apache.maven.surefire.testng.TestNGProvider.invoke(TestNGProvider.java:119)\r\n\tat org.apache.maven.surefire.booter.ForkedBooter.runSuitesInProcess(ForkedBooter.java:428)\r\n\tat org.apache.maven.surefire.booter.ForkedBooter.execute(ForkedBooter.java:162)\r\n\tat org.apache.maven.surefire.booter.ForkedBooter.run(ForkedBooter.java:562)\r\n\tat org.apache.maven.surefire.booter.ForkedBooter.main(ForkedBooter.java:548)\r\n","steps":[{"name":"Pet Service","time":{"start":1709549227517,"stop":1709549227520,"duration":3},"status":"passed","steps":[],"attachments":[],"parameters":[],"attachmentsCount":0,"shouldDisplayMessage":false,"stepsCount":0,"hasContent":false,"attachmentStep":false}],"attachments":[],"parameters":[],"attachmentsCount":0,"shouldDisplayMessage":true,"stepsCount":1,"hasContent":true,"attachmentStep":false},"afterStages":[{"name":"tearDownClass","time":{"start":1709549233629,"stop":1709549233646,"duration":17},"description":"","status":"passed","steps":[],"attachments":[],"parameters":[],"attachmentsCount":0,"shouldDisplayMessage":false,"stepsCount":0,"hasContent":false,"attachmentStep":false}],"labels":[{"name":"package","value":"com.petstore.qa.TestRunner.myRunner"},{"name":"testClass","value":"com.petstore.qa.TestRunner.myRunner"},{"name":"testMethod","value":"runScenario"},{"name":"parentSuite","value":"Regression Test Suite"},{"name":"suite","value":"G:/RestAssuredFrameWork/PetStoreApIAutomation"},{"name":"subSuite","value":"com.petstore.qa.TestRunner.myRunner"},{"name":"host","value":"DESKTOP-6FCB6I9"},{"name":"thread","value":"6304@DESKTOP-6FCB6I9.main(1)"},{"name":"framework","value":"testng"},{"name":"language","value":"java"},{"name":"resultFormat","value":"allure2"}],"parameters":[{"name":"arg0","value":"\"Add a new pet with valid requestBody\""},{"name":"arg1","value":"\"Optional[Add Pet]\""}],"links":[],"hidden":true,"retry":true,"extra":{"categories":[],"tags":[]},"source":"9a4be377494926f8.json","parameterValues":["\"Add a new pet with valid requestBody\"","\"Optional[Add Pet]\""]}